
*** Running vivado
    with args -log top_level_wrapper.vdi -applog -m64 -product Vivado -messageDb vivado.pb -mode batch -source top_level_wrapper.tcl -notrace



****** Vivado v2022.2 (64-bit)
  **** SW Build 3671981 on Fri Oct 14 05:00:03 MDT 2022
  **** IP Build 3669848 on Fri Oct 14 08:30:02 MDT 2022
    ** Copyright 1986-2022 Xilinx, Inc. All Rights Reserved.

source top_level_wrapper.tcl -notrace
create_project: Time (s): cpu = 00:00:06 ; elapsed = 00:00:07 . Memory (MB): peak = 429.469 ; gain = 118.199
INFO: [IP_Flow 19-234] Refreshing IP repositories
INFO: [IP_Flow 19-1704] No user IP repositories specified
INFO: [IP_Flow 19-2313] Loaded Vivado IP repository 'C:/Xilinx/Vivado/2022.2/data/ip'.
Command: link_design -top top_level_wrapper -part xc7z010clg225-1
Design is defaulting to srcset: sources_1
Design is defaulting to constrset: constrs_1
INFO: [Device 21-403] Loading part xc7z010clg225-1
INFO: [Project 1-454] Reading design checkpoint 'c:/Users/schumae/Documents/EE316_Signal_Generator_ZynqBerry/Signal_Generator.gen/sources_1/bd/top_level/ip/top_level_btn_debounce_toggle_0_0/top_level_btn_debounce_toggle_0_0.dcp' for cell 'top_level_i/btn_debounce_toggle_0'
INFO: [Project 1-454] Reading design checkpoint 'c:/Users/schumae/Documents/EE316_Signal_Generator_ZynqBerry/Signal_Generator.gen/sources_1/bd/top_level/ip/top_level_processing_system7_0_2/top_level_processing_system7_0_2.dcp' for cell 'top_level_i/processing_system7_0'
Netlist sorting complete. Time (s): cpu = 00:00:00 ; elapsed = 00:00:00.012 . Memory (MB): peak = 861.121 ; gain = 0.000
INFO: [Netlist 29-17] Analyzing 4 Unisim elements for replacement
INFO: [Netlist 29-28] Unisim Transformation completed in 0 CPU seconds
INFO: [Project 1-479] Netlist was created with Vivado 2022.2
INFO: [Project 1-570] Preparing netlist for logic optimization
Parsing XDC File [c:/Users/schumae/Documents/EE316_Signal_Generator_ZynqBerry/Signal_Generator.gen/sources_1/bd/top_level/ip/top_level_processing_system7_0_2/top_level_processing_system7_0_2.xdc] for cell 'top_level_i/processing_system7_0/inst'
Finished Parsing XDC File [c:/Users/schumae/Documents/EE316_Signal_Generator_ZynqBerry/Signal_Generator.gen/sources_1/bd/top_level/ip/top_level_processing_system7_0_2/top_level_processing_system7_0_2.xdc] for cell 'top_level_i/processing_system7_0/inst'
Parsing XDC File [C:/Users/schumae/Documents/EE316_Signal_Generator_ZynqBerry/Signal_Generator.srcs/constrs_1/new/TE0726.xdc]
WARNING: [Vivado 12-584] No ports matched 'PWM_*'. [C:/Users/schumae/Documents/EE316_Signal_Generator_ZynqBerry/Signal_Generator.srcs/constrs_1/new/TE0726.xdc:90]
CRITICAL WARNING: [Common 17-55] 'set_property' expects at least one object. [C:/Users/schumae/Documents/EE316_Signal_Generator_ZynqBerry/Signal_Generator.srcs/constrs_1/new/TE0726.xdc:90]
Resolution: If [get_<value>] was used to populate the object, check to make sure this command returns at least one valid object.
Finished Parsing XDC File [C:/Users/schumae/Documents/EE316_Signal_Generator_ZynqBerry/Signal_Generator.srcs/constrs_1/new/TE0726.xdc]
INFO: [Opt 31-138] Pushed 0 inverter(s) to 0 load pin(s).
Netlist sorting complete. Time (s): cpu = 00:00:00 ; elapsed = 00:00:00 . Memory (MB): peak = 996.359 ; gain = 0.000
INFO: [Project 1-111] Unisim Transformation Summary:
No Unisim elements were transformed.

12 Infos, 1 Warnings, 1 Critical Warnings and 0 Errors encountered.
link_design completed successfully
link_design: Time (s): cpu = 00:00:06 ; elapsed = 00:00:14 . Memory (MB): peak = 996.359 ; gain = 526.746
Command: opt_design
Attempting to get a license for feature 'Implementation' and/or device 'xc7z010'
INFO: [Common 17-349] Got license for feature 'Implementation' and/or device 'xc7z010'
Running DRC as a precondition to command opt_design

Starting DRC Task
INFO: [DRC 23-27] Running DRC with 2 threads
INFO: [Project 1-461] DRC finished with 0 Errors
INFO: [Project 1-462] Please refer to the DRC report (report_drc) for more information.

Time (s): cpu = 00:00:01 ; elapsed = 00:00:00.949 . Memory (MB): peak = 1020.344 ; gain = 23.984

Starting Cache Timing Information Task
INFO: [Timing 38-35] Done setting XDC timing constraints.
Ending Cache Timing Information Task | Checksum: 1f77183cd

Time (s): cpu = 00:00:06 ; elapsed = 00:00:07 . Memory (MB): peak = 1493.008 ; gain = 472.664

Starting Logic Optimization Task

Phase 1 Retarget
INFO: [Opt 31-138] Pushed 0 inverter(s) to 0 load pin(s).
INFO: [Opt 31-49] Retargeted 0 cell(s).
Phase 1 Retarget | Checksum: 1f82ddbd8

Time (s): cpu = 00:00:01 ; elapsed = 00:00:00.023 . Memory (MB): peak = 1828.688 ; gain = 0.000
INFO: [Opt 31-389] Phase Retarget created 0 cells and removed 24 cells

Phase 2 Constant propagation
INFO: [Opt 31-138] Pushed 0 inverter(s) to 0 load pin(s).
Phase 2 Constant propagation | Checksum: 1f82ddbd8

Time (s): cpu = 00:00:01 ; elapsed = 00:00:00.025 . Memory (MB): peak = 1828.688 ; gain = 0.000
INFO: [Opt 31-389] Phase Constant propagation created 0 cells and removed 0 cells

Phase 3 Sweep
Phase 3 Sweep | Checksum: 18e0b5ee1

Time (s): cpu = 00:00:01 ; elapsed = 00:00:00.062 . Memory (MB): peak = 1828.688 ; gain = 0.000
INFO: [Opt 31-389] Phase Sweep created 0 cells and removed 38 cells

Phase 4 BUFG optimization
Phase 4 BUFG optimization | Checksum: 18e0b5ee1

Time (s): cpu = 00:00:01 ; elapsed = 00:00:00.092 . Memory (MB): peak = 1828.688 ; gain = 0.000
INFO: [Opt 31-662] Phase BUFG optimization created 0 cells of which 0 are BUFGs and removed 0 cells.

Phase 5 Shift Register Optimization
INFO: [Opt 31-1064] SRL Remap converted 0 SRLs to 0 registers and converted 0 registers of register chains to 0 SRLs
Phase 5 Shift Register Optimization | Checksum: 18e0b5ee1

Time (s): cpu = 00:00:01 ; elapsed = 00:00:00.093 . Memory (MB): peak = 1828.688 ; gain = 0.000
INFO: [Opt 31-389] Phase Shift Register Optimization created 0 cells and removed 0 cells

Phase 6 Post Processing Netlist
Phase 6 Post Processing Netlist | Checksum: 18e0b5ee1

Time (s): cpu = 00:00:01 ; elapsed = 00:00:00.095 . Memory (MB): peak = 1828.688 ; gain = 0.000
INFO: [Opt 31-389] Phase Post Processing Netlist created 0 cells and removed 0 cells
Opt_design Change Summary
=========================


-------------------------------------------------------------------------------------------------------------------------
|  Phase                        |  #Cells created  |  #Cells Removed  |  #Constrained objects preventing optimizations  |
-------------------------------------------------------------------------------------------------------------------------
|  Retarget                     |               0  |              24  |                                              0  |
|  Constant propagation         |               0  |               0  |                                              0  |
|  Sweep                        |               0  |              38  |                                              0  |
|  BUFG optimization            |               0  |               0  |                                              0  |
|  Shift Register Optimization  |               0  |               0  |                                              0  |
|  Post Processing Netlist      |               0  |               0  |                                              0  |
-------------------------------------------------------------------------------------------------------------------------



Starting Connectivity Check Task

Time (s): cpu = 00:00:00 ; elapsed = 00:00:00.001 . Memory (MB): peak = 1828.688 ; gain = 0.000
Ending Logic Optimization Task | Checksum: 2868479b5

Time (s): cpu = 00:00:01 ; elapsed = 00:00:00.147 . Memory (MB): peak = 1828.688 ; gain = 0.000

Starting Power Optimization Task
INFO: [Pwropt 34-132] Skipping clock gating for clocks with a period < 2.00 ns.
Ending Power Optimization Task | Checksum: 2868479b5

Time (s): cpu = 00:00:00 ; elapsed = 00:00:00.010 . Memory (MB): peak = 1828.688 ; gain = 0.000

Starting Final Cleanup Task
Ending Final Cleanup Task | Checksum: 2868479b5

Time (s): cpu = 00:00:00 ; elapsed = 00:00:00.001 . Memory (MB): peak = 1828.688 ; gain = 0.000

Starting Netlist Obfuscation Task
Netlist sorting complete. Time (s): cpu = 00:00:00 ; elapsed = 00:00:00 . Memory (MB): peak = 1828.688 ; gain = 0.000
Ending Netlist Obfuscation Task | Checksum: 2868479b5

Time (s): cpu = 00:00:00 ; elapsed = 00:00:00.001 . Memory (MB): peak = 1828.688 ; gain = 0.000
INFO: [Common 17-83] Releasing license: Implementation
29 Infos, 1 Warnings, 1 Critical Warnings and 0 Errors encountered.
opt_design completed successfully
opt_design: Time (s): cpu = 00:00:10 ; elapsed = 00:00:10 . Memory (MB): peak = 1828.688 ; gain = 832.328
INFO: [Timing 38-480] Writing timing data to binary archive.
Writing XDEF routing.
Writing XDEF routing logical nets.
Writing XDEF routing special nets.
Write XDEF Complete: Time (s): cpu = 00:00:00 ; elapsed = 00:00:00.064 . Memory (MB): peak = 1828.688 ; gain = 0.000
INFO: [Common 17-1381] The checkpoint 'C:/Users/schumae/Documents/EE316_Signal_Generator_ZynqBerry/Signal_Generator.runs/impl_1/top_level_wrapper_opt.dcp' has been generated.
INFO: [runtcl-4] Executing : report_drc -file top_level_wrapper_drc_opted.rpt -pb top_level_wrapper_drc_opted.pb -rpx top_level_wrapper_drc_opted.rpx
Command: report_drc -file top_level_wrapper_drc_opted.rpt -pb top_level_wrapper_drc_opted.pb -rpx top_level_wrapper_drc_opted.rpx
INFO: [IP_Flow 19-1839] IP Catalog is up to date.
INFO: [DRC 23-27] Running DRC with 2 threads
INFO: [Vivado_Tcl 2-168] The results of DRC are in file C:/Users/schumae/Documents/EE316_Signal_Generator_ZynqBerry/Signal_Generator.runs/impl_1/top_level_wrapper_drc_opted.rpt.
report_drc completed successfully
Command: place_design
Attempting to get a license for feature 'Implementation' and/or device 'xc7z010'
INFO: [Common 17-349] Got license for feature 'Implementation' and/or device 'xc7z010'
INFO: [DRC 23-27] Running DRC with 2 threads
INFO: [Vivado_Tcl 4-198] DRC finished with 0 Errors
INFO: [Vivado_Tcl 4-199] Please refer to the DRC report (report_drc) for more information.
Running DRC as a precondition to command place_design
INFO: [DRC 23-27] Running DRC with 2 threads
INFO: [Vivado_Tcl 4-198] DRC finished with 0 Errors
INFO: [Vivado_Tcl 4-199] Please refer to the DRC report (report_drc) for more information.

Starting Placer Task
INFO: [Place 30-611] Multithreading enabled for place_design using a maximum of 2 CPUs

Phase 1 Placer Initialization

Phase 1.1 Placer Initialization Netlist Sorting
Netlist sorting complete. Time (s): cpu = 00:00:00 ; elapsed = 00:00:00 . Memory (MB): peak = 1828.688 ; gain = 0.000
Phase 1.1 Placer Initialization Netlist Sorting | Checksum: 196ec128e

Time (s): cpu = 00:00:00 ; elapsed = 00:00:00.009 . Memory (MB): peak = 1828.688 ; gain = 0.000
Netlist sorting complete. Time (s): cpu = 00:00:00 ; elapsed = 00:00:00.001 . Memory (MB): peak = 1828.688 ; gain = 0.000

Phase 1.2 IO Placement/ Clock Placement/ Build Placer Device
INFO: [Timing 38-35] Done setting XDC timing constraints.
Phase 1.2 IO Placement/ Clock Placement/ Build Placer Device | Checksum: 196ec128e

Time (s): cpu = 00:00:00 ; elapsed = 00:00:00.229 . Memory (MB): peak = 1828.688 ; gain = 0.000

Phase 1.3 Build Placer Netlist Model
WARNING: [Place 30-2953] Timing driven mode will be turned off because no critical terminals were found.
Phase 1.3 Build Placer Netlist Model | Checksum: 1aece72e0

Time (s): cpu = 00:00:01 ; elapsed = 00:00:00.308 . Memory (MB): peak = 1828.688 ; gain = 0.000

Phase 1.4 Constrain Clocks/Macros
Phase 1.4 Constrain Clocks/Macros | Checksum: 1aece72e0

Time (s): cpu = 00:00:01 ; elapsed = 00:00:00.309 . Memory (MB): peak = 1828.688 ; gain = 0.000
Phase 1 Placer Initialization | Checksum: 1aece72e0

Time (s): cpu = 00:00:01 ; elapsed = 00:00:00.310 . Memory (MB): peak = 1828.688 ; gain = 0.000

Phase 2 Final Placement Cleanup
Netlist sorting complete. Time (s): cpu = 00:00:00 ; elapsed = 00:00:00 . Memory (MB): peak = 1828.688 ; gain = 0.000

Time (s): cpu = 00:00:01 ; elapsed = 00:00:00.311 . Memory (MB): peak = 1828.688 ; gain = 0.000
INFO: [Place 30-281] No place-able instance is found; design doesn't contain any instance or all instances are placed
Ending Placer Task | Checksum: 196ec128e

Time (s): cpu = 00:00:01 ; elapsed = 00:00:00.312 . Memory (MB): peak = 1828.688 ; gain = 0.000
INFO: [Common 17-83] Releasing license: Implementation
46 Infos, 2 Warnings, 1 Critical Warnings and 0 Errors encountered.
place_design completed successfully
INFO: [Timing 38-480] Writing timing data to binary archive.
Writing XDEF routing.
Writing XDEF routing logical nets.
Writing XDEF routing special nets.
Write XDEF Complete: Time (s): cpu = 00:00:00 ; elapsed = 00:00:00.061 . Memory (MB): peak = 1828.688 ; gain = 0.000
INFO: [Common 17-1381] The checkpoint 'C:/Users/schumae/Documents/EE316_Signal_Generator_ZynqBerry/Signal_Generator.runs/impl_1/top_level_wrapper_placed.dcp' has been generated.
INFO: [runtcl-4] Executing : report_io -file top_level_wrapper_io_placed.rpt
report_io: Time (s): cpu = 00:00:00 ; elapsed = 00:00:00.030 . Memory (MB): peak = 1828.688 ; gain = 0.000
INFO: [runtcl-4] Executing : report_utilization -file top_level_wrapper_utilization_placed.rpt -pb top_level_wrapper_utilization_placed.pb
INFO: [runtcl-4] Executing : report_control_sets -verbose -file top_level_wrapper_control_sets_placed.rpt
report_control_sets: Time (s): cpu = 00:00:00 ; elapsed = 00:00:00.001 . Memory (MB): peak = 1828.688 ; gain = 0.000
Command: phys_opt_design
Attempting to get a license for feature 'Implementation' and/or device 'xc7z010'
INFO: [Common 17-349] Got license for feature 'Implementation' and/or device 'xc7z010'
INFO: [Vivado_Tcl 4-241] Physical synthesis in post route mode ( 100.0% nets are fully routed)

Starting Initial Update Timing Task
INFO: [Timing 38-35] Done setting XDC timing constraints.

Time (s): cpu = 00:00:00 ; elapsed = 00:00:00.026 . Memory (MB): peak = 1828.688 ; gain = 0.000
INFO: [Vivado_Tcl 4-383] Design worst setup slack (WNS) is greater than or equal to 0.000 ns. Skipping all physical synthesis optimizations.
INFO: [Vivado_Tcl 4-232] No setup violation found. The netlist was not modified.
INFO: [Common 17-83] Releasing license: Implementation
57 Infos, 2 Warnings, 1 Critical Warnings and 0 Errors encountered.
phys_opt_design completed successfully
INFO: [Timing 38-480] Writing timing data to binary archive.
Writing XDEF routing.
Writing XDEF routing logical nets.
Writing XDEF routing special nets.
Write XDEF Complete: Time (s): cpu = 00:00:00 ; elapsed = 00:00:00.071 . Memory (MB): peak = 1828.688 ; gain = 0.000
INFO: [Common 17-1381] The checkpoint 'C:/Users/schumae/Documents/EE316_Signal_Generator_ZynqBerry/Signal_Generator.runs/impl_1/top_level_wrapper_physopt.dcp' has been generated.
Command: route_design
Attempting to get a license for feature 'Implementation' and/or device 'xc7z010'
INFO: [Common 17-349] Got license for feature 'Implementation' and/or device 'xc7z010'
Running DRC as a precondition to command route_design
INFO: [DRC 23-27] Running DRC with 2 threads
INFO: [Vivado_Tcl 4-198] DRC finished with 0 Errors
INFO: [Vivado_Tcl 4-199] Please refer to the DRC report (report_drc) for more information.


Starting Routing Task
INFO: [Route 35-254] Multithreading enabled for route_design using a maximum of 2 CPUs

Phase 1 Build RT Design
Checksum: PlaceDB: baf46893 ConstDB: 0 ShapeSum: dbf7a9fb RouteDB: 0
Post Restoration Checksum: NetGraph: 20eb1a2 NumContArr: a843cff3 Constraints: 0 Timing: 0
Phase 1 Build RT Design | Checksum: aa528195

Time (s): cpu = 00:00:11 ; elapsed = 00:00:10 . Memory (MB): peak = 1867.559 ; gain = 30.484

Phase 2 Router Initialization

Phase 2.1 Fix Topology Constraints
Phase 2.1 Fix Topology Constraints | Checksum: aa528195

Time (s): cpu = 00:00:11 ; elapsed = 00:00:10 . Memory (MB): peak = 1873.559 ; gain = 36.484

Phase 2.2 Pre Route Cleanup
Phase 2.2 Pre Route Cleanup | Checksum: aa528195

Time (s): cpu = 00:00:11 ; elapsed = 00:00:10 . Memory (MB): peak = 1873.559 ; gain = 36.484
 Number of Nodes with overlaps = 0

Phase 2.3 Update Timing
Phase 2.3 Update Timing | Checksum: 142533b21

Time (s): cpu = 00:00:12 ; elapsed = 00:00:11 . Memory (MB): peak = 1875.258 ; gain = 38.184

Router Utilization Summary
  Global Vertical Routing Utilization    = 0 %
  Global Horizontal Routing Utilization  = 0 %
  Routable Net Status*
  *Does not include unroutable nets such as driverless and loadless.
  Run report_route_status for detailed report.
  Number of Failed Nets               = 86
    (Failed Nets is the sum of unrouted and partially routed nets)
  Number of Unrouted Nets             = 86
  Number of Partially Routed Nets     = 0
  Number of Node Overlaps             = 0

Phase 2 Router Initialization | Checksum: 142533b21

Time (s): cpu = 00:00:12 ; elapsed = 00:00:11 . Memory (MB): peak = 1876.000 ; gain = 38.926

Phase 3 Initial Routing

Phase 3.1 Global Routing
Phase 3.1 Global Routing | Checksum: 142533b21

Time (s): cpu = 00:00:12 ; elapsed = 00:00:11 . Memory (MB): peak = 1876.000 ; gain = 38.926
 Number of Nodes with overlaps = 0
Phase 3 Initial Routing | Checksum: 113d31bed

Time (s): cpu = 00:00:12 ; elapsed = 00:00:11 . Memory (MB): peak = 1876.000 ; gain = 38.926

Phase 4 Rip-up And Reroute

Phase 4.1 Global Iteration 0
Phase 4.1 Global Iteration 0 | Checksum: 113d31bed

Time (s): cpu = 00:00:12 ; elapsed = 00:00:11 . Memory (MB): peak = 1876.000 ; gain = 38.926
Phase 4 Rip-up And Reroute | Checksum: 113d31bed

Time (s): cpu = 00:00:12 ; elapsed = 00:00:11 . Memory (MB): peak = 1876.000 ; gain = 38.926

Phase 5 Delay and Skew Optimization

Phase 5.1 Delay CleanUp
Phase 5.1 Delay CleanUp | Checksum: 113d31bed

Time (s): cpu = 00:00:12 ; elapsed = 00:00:11 . Memory (MB): peak = 1876.000 ; gain = 38.926

Phase 5.2 Clock Skew Optimization
Phase 5.2 Clock Skew Optimization | Checksum: 113d31bed

Time (s): cpu = 00:00:12 ; elapsed = 00:00:11 . Memory (MB): peak = 1876.000 ; gain = 38.926
Phase 5 Delay and Skew Optimization | Checksum: 113d31bed

Time (s): cpu = 00:00:12 ; elapsed = 00:00:11 . Memory (MB): peak = 1876.000 ; gain = 38.926

Phase 6 Post Hold Fix

Phase 6.1 Hold Fix Iter

Phase 6.1.1 Update Timing
Phase 6.1.1 Update Timing | Checksum: 113d31bed

Time (s): cpu = 00:00:12 ; elapsed = 00:00:11 . Memory (MB): peak = 1876.000 ; gain = 38.926
Phase 6.1 Hold Fix Iter | Checksum: 113d31bed

Time (s): cpu = 00:00:12 ; elapsed = 00:00:11 . Memory (MB): peak = 1876.000 ; gain = 38.926
Phase 6 Post Hold Fix | Checksum: 113d31bed

Time (s): cpu = 00:00:12 ; elapsed = 00:00:11 . Memory (MB): peak = 1876.000 ; gain = 38.926

Phase 7 Route finalize

Router Utilization Summary
  Global Vertical Routing Utilization    = 0 %
  Global Horizontal Routing Utilization  = 0 %
  Routable Net Status*
  *Does not include unroutable nets such as driverless and loadless.
  Run report_route_status for detailed report.
  Number of Failed Nets               = 0
    (Failed Nets is the sum of unrouted and partially routed nets)
  Number of Unrouted Nets             = 0
  Number of Partially Routed Nets     = 0
  Number of Node Overlaps             = 0

Phase 7 Route finalize | Checksum: 113d31bed

Time (s): cpu = 00:00:12 ; elapsed = 00:00:11 . Memory (MB): peak = 1876.000 ; gain = 38.926

Phase 8 Verifying routed nets

 Verification completed successfully
Phase 8 Verifying routed nets | Checksum: 113d31bed

Time (s): cpu = 00:00:12 ; elapsed = 00:00:11 . Memory (MB): peak = 1877.016 ; gain = 39.941

Phase 9 Depositing Routes
Phase 9 Depositing Routes | Checksum: 113d31bed

Time (s): cpu = 00:00:12 ; elapsed = 00:00:11 . Memory (MB): peak = 1877.016 ; gain = 39.941

Phase 10 Post Router Timing
Phase 10 Post Router Timing | Checksum: 113d31bed

Time (s): cpu = 00:00:12 ; elapsed = 00:00:11 . Memory (MB): peak = 1877.016 ; gain = 39.941
INFO: [Route 35-16] Router Completed Successfully

Time (s): cpu = 00:00:12 ; elapsed = 00:00:11 . Memory (MB): peak = 1877.016 ; gain = 39.941

Routing Is Done.
INFO: [Common 17-83] Releasing license: Implementation
66 Infos, 2 Warnings, 1 Critical Warnings and 0 Errors encountered.
route_design completed successfully
route_design: Time (s): cpu = 00:00:13 ; elapsed = 00:00:11 . Memory (MB): peak = 1877.016 ; gain = 48.328
INFO: [Timing 38-480] Writing timing data to binary archive.
Writing XDEF routing.
Writing XDEF routing logical nets.
Writing XDEF routing special nets.
Write XDEF Complete: Time (s): cpu = 00:00:00 ; elapsed = 00:00:00.066 . Memory (MB): peak = 1890.797 ; gain = 13.781
INFO: [Common 17-1381] The checkpoint 'C:/Users/schumae/Documents/EE316_Signal_Generator_ZynqBerry/Signal_Generator.runs/impl_1/top_level_wrapper_routed.dcp' has been generated.
INFO: [runtcl-4] Executing : report_drc -file top_level_wrapper_drc_routed.rpt -pb top_level_wrapper_drc_routed.pb -rpx top_level_wrapper_drc_routed.rpx
Command: report_drc -file top_level_wrapper_drc_routed.rpt -pb top_level_wrapper_drc_routed.pb -rpx top_level_wrapper_drc_routed.rpx
INFO: [IP_Flow 19-1839] IP Catalog is up to date.
INFO: [DRC 23-27] Running DRC with 2 threads
INFO: [Vivado_Tcl 2-168] The results of DRC are in file C:/Users/schumae/Documents/EE316_Signal_Generator_ZynqBerry/Signal_Generator.runs/impl_1/top_level_wrapper_drc_routed.rpt.
report_drc completed successfully
INFO: [runtcl-4] Executing : report_methodology -file top_level_wrapper_methodology_drc_routed.rpt -pb top_level_wrapper_methodology_drc_routed.pb -rpx top_level_wrapper_methodology_drc_routed.rpx
Command: report_methodology -file top_level_wrapper_methodology_drc_routed.rpt -pb top_level_wrapper_methodology_drc_routed.pb -rpx top_level_wrapper_methodology_drc_routed.rpx
INFO: [Timing 38-35] Done setting XDC timing constraints.
INFO: [DRC 23-133] Running Methodology with 2 threads
INFO: [Vivado_Tcl 2-1520] The results of Report Methodology are in file C:/Users/schumae/Documents/EE316_Signal_Generator_ZynqBerry/Signal_Generator.runs/impl_1/top_level_wrapper_methodology_drc_routed.rpt.
report_methodology completed successfully
INFO: [runtcl-4] Executing : report_power -file top_level_wrapper_power_routed.rpt -pb top_level_wrapper_power_summary_routed.pb -rpx top_level_wrapper_power_routed.rpx
Command: report_power -file top_level_wrapper_power_routed.rpt -pb top_level_wrapper_power_summary_routed.pb -rpx top_level_wrapper_power_routed.rpx
INFO: [Timing 38-35] Done setting XDC timing constraints.
Running Vector-less Activity Propagation...

Finished Running Vector-less Activity Propagation
78 Infos, 2 Warnings, 1 Critical Warnings and 0 Errors encountered.
report_power completed successfully
INFO: [runtcl-4] Executing : report_route_status -file top_level_wrapper_route_status.rpt -pb top_level_wrapper_route_status.pb
INFO: [runtcl-4] Executing : report_timing_summary -max_paths 10 -report_unconstrained -file top_level_wrapper_timing_summary_routed.rpt -pb top_level_wrapper_timing_summary_routed.pb -rpx top_level_wrapper_timing_summary_routed.rpx -warn_on_violation 
INFO: [Timing 38-91] UpdateTimingParams: Speed grade: -1, Delay Type: min_max.
INFO: [Timing 38-191] Multithreading enabled for timing update using a maximum of 2 CPUs
INFO: [runtcl-4] Executing : report_incremental_reuse -file top_level_wrapper_incremental_reuse_routed.rpt
INFO: [Vivado_Tcl 4-1062] Incremental flow is disabled. No incremental reuse Info to report.
INFO: [runtcl-4] Executing : report_clock_utilization -file top_level_wrapper_clock_utilization_routed.rpt
INFO: [runtcl-4] Executing : report_bus_skew -warn_on_violation -file top_level_wrapper_bus_skew_routed.rpt -pb top_level_wrapper_bus_skew_routed.pb -rpx top_level_wrapper_bus_skew_routed.rpx
INFO: [Timing 38-91] UpdateTimingParams: Speed grade: -1, Delay Type: min_max.
INFO: [Timing 38-191] Multithreading enabled for timing update using a maximum of 2 CPUs
Command: write_bitstream -force top_level_wrapper.bit
Attempting to get a license for feature 'Implementation' and/or device 'xc7z010'
INFO: [Common 17-349] Got license for feature 'Implementation' and/or device 'xc7z010'
Running DRC as a precondition to command write_bitstream
INFO: [IP_Flow 19-1839] IP Catalog is up to date.
INFO: [DRC 23-27] Running DRC with 2 threads
INFO: [Vivado 12-3199] DRC finished with 0 Errors
INFO: [Vivado 12-3200] Please refer to the DRC report (report_drc) for more information.
INFO: [Designutils 20-2272] Running write_bitstream with 2 threads.
Loading data files...
Loading site data...
Loading route data...
Processing options...
Creating bitmap...
Creating bitstream...
Writing bitstream ./top_level_wrapper.bit...
INFO: [Vivado 12-1842] Bitgen Completed Successfully.
INFO: [Common 17-83] Releasing license: Implementation
11 Infos, 0 Warnings, 0 Critical Warnings and 0 Errors encountered.
write_bitstream completed successfully
write_bitstream: Time (s): cpu = 00:00:09 ; elapsed = 00:00:08 . Memory (MB): peak = 2336.785 ; gain = 427.152
INFO: [Common 17-206] Exiting Vivado at Thu Feb 16 13:16:35 2023...

*** Running vivado
    with args -log top_level_wrapper.vdi -applog -m64 -product Vivado -messageDb vivado.pb -mode batch -source top_level_wrapper.tcl -notrace



****** Vivado v2022.2 (64-bit)
  **** SW Build 3671981 on Fri Oct 14 05:00:03 MDT 2022
  **** IP Build 3669848 on Fri Oct 14 08:30:02 MDT 2022
    ** Copyright 1986-2022 Xilinx, Inc. All Rights Reserved.

source top_level_wrapper.tcl -notrace
Command: open_checkpoint top_level_wrapper_routed.dcp
INFO: [Device 21-403] Loading part xc7z010clg225-1
Netlist sorting complete. Time (s): cpu = 00:00:00 ; elapsed = 00:00:00.010 . Memory (MB): peak = 829.602 ; gain = 0.000
INFO: [Project 1-479] Netlist was created with Vivado 2022.2
INFO: [Project 1-570] Preparing netlist for logic optimization
INFO: [Timing 38-478] Restoring timing data from binary archive.
INFO: [Timing 38-479] Binary timing data restore complete.
INFO: [Project 1-856] Restoring constraints from binary archive.
INFO: [Project 1-853] Binary constraint restore complete.
Reading XDEF placement.
Reading placer database...
Reading XDEF routing.
Read XDEF Files: Time (s): cpu = 00:00:00 ; elapsed = 00:00:00.193 . Memory (MB): peak = 1454.125 ; gain = 8.566
Restored from archive | CPU: 0.000000 secs | Memory: 0.000000 MB |
Finished XDEF File Restore: Time (s): cpu = 00:00:00 ; elapsed = 00:00:00.193 . Memory (MB): peak = 1454.125 ; gain = 8.566
Netlist sorting complete. Time (s): cpu = 00:00:00 ; elapsed = 00:00:00.001 . Memory (MB): peak = 1454.125 ; gain = 0.000
INFO: [Project 1-111] Unisim Transformation Summary:
No Unisim elements were transformed.

INFO: [Project 1-604] Checkpoint was created with Vivado v2022.2 (64-bit) build 3671981
OpenCheckpoint Checksum | Checksum: 2149b9c19
----- Checksum: PlaceDB: baf46893 ShapeSum: dbf7a9fb RouteDB: 7daf898b 
open_checkpoint: Time (s): cpu = 00:00:17 ; elapsed = 00:00:22 . Memory (MB): peak = 1454.125 ; gain = 1142.066
Command: write_bitstream -force top_level_wrapper.bit
Attempting to get a license for feature 'Implementation' and/or device 'xc7z010'
INFO: [Common 17-349] Got license for feature 'Implementation' and/or device 'xc7z010'
Running DRC as a precondition to command write_bitstream
INFO: [IP_Flow 19-234] Refreshing IP repositories
INFO: [IP_Flow 19-1704] No user IP repositories specified
INFO: [IP_Flow 19-2313] Loaded Vivado IP repository 'C:/Xilinx/Vivado/2022.2/data/ip'.
INFO: [DRC 23-27] Running DRC with 2 threads
INFO: [Vivado 12-3199] DRC finished with 0 Errors
INFO: [Vivado 12-3200] Please refer to the DRC report (report_drc) for more information.
INFO: [Designutils 20-2272] Running write_bitstream with 2 threads.
Loading data files...
Loading site data...
Loading route data...
Processing options...
Creating bitmap...
Creating bitstream...
Writing bitstream ./top_level_wrapper.bit...
INFO: [Vivado 12-1842] Bitgen Completed Successfully.
INFO: [Common 17-83] Releasing license: Implementation
19 Infos, 0 Warnings, 0 Critical Warnings and 0 Errors encountered.
write_bitstream completed successfully
write_bitstream: Time (s): cpu = 00:00:10 ; elapsed = 00:00:09 . Memory (MB): peak = 1917.852 ; gain = 463.727
INFO: [Common 17-206] Exiting Vivado at Thu Feb 16 13:32:30 2023...
